<?xml version="1.0" encoding="UTF-8"?>
<!-- Generated by org.testng.reporters.JUnitReportReporter -->
<testsuite hostname="Miko-Lap-148" failures="0" tests="4" name="config.GetAllConfigs" time="3.818" errors="0" timestamp="2022-10-09T19:56:46 IST" skipped="0">
  <testcase classname="config.GetAllConfigs" name="mIKO_CONFIG_003_GetAllConfigsTests" time="1.083"/>
  <system-out/>
  <testcase classname="config.GetAllConfigs" name="mIKO_CONFIG_001_GetAllConfigsTests" time="0.818"/>
  <system-out/>
  <testcase classname="config.GetAllConfigs" name="mIKO_CONFIG_004_GetAllConfigsTests" time="1.066"/>
  <system-out/>
  <testcase classname="config.GetAllConfigs" name="mIKO_CONFIG_002_GetAllConfigsTests" time="0.851"/>
  <system-out/>
</testsuite> <!-- config.GetAllConfigs -->
