<?xml version="1.0" encoding="UTF-8"?>
<!-- Generated by org.testng.reporters.JUnitReportReporter -->
<testsuite hostname="Miko-Lap-148" failures="0" tests="15" name="authentication.LoginOrderId" time="19.170" errors="0" timestamp="2022-10-09T19:56:47 IST" skipped="0">
  <testcase classname="authentication.LoginOrderId" name="mIKO_AUTH_007_LoginOrderIdTests" time="1.234"/>
  <system-out/>
  <testcase classname="authentication.LoginOrderId" name="mIKO_AUTH_006_LoginOrderIdTests" time="1.215"/>
  <system-out/>
  <testcase classname="authentication.LoginOrderId" name="mIKO_AUTH_002_LoginOrderIdTests" time="2.649"/>
  <system-out/>
  <testcase classname="authentication.LoginOrderId" name="mIKO_AUTH_014_LoginOrderIdTests" time="0.853"/>
  <system-out/>
  <testcase classname="authentication.LoginOrderId" name="mIKO_AUTH_015_LoginOrderIdTests" time="0.858"/>
  <system-out/>
  <testcase classname="authentication.LoginOrderId" name="mIKO_AUTH_004_LoginOrderIdTests" time="0.543"/>
  <system-out/>
  <testcase classname="authentication.LoginOrderId" name="mIKO_AUTH_008_LoginOrderIdTests" time="0.882"/>
  <system-out/>
  <testcase classname="authentication.LoginOrderId" name="mIKO_AUTH_001_LoginOrderIdTests" time="4.488"/>
  <system-out/>
  <testcase classname="authentication.LoginOrderId" name="mIKO_AUTH_012_LoginOrderIdTests" time="0.823"/>
  <system-out/>
  <testcase classname="authentication.LoginOrderId" name="mIKO_AUTH_005_LoginOrderIdTests" time="0.550"/>
  <system-out/>
  <testcase classname="authentication.LoginOrderId" name="mIKO_AUTH_009_LoginOrderIdTests" time="0.858"/>
  <system-out/>
  <testcase classname="authentication.LoginOrderId" name="mIKO_AUTH_013_LoginOrderIdTests" time="0.859"/>
  <system-out/>
  <testcase classname="authentication.LoginOrderId" name="mIKO_AUTH_010_LoginOrderIdTests" time="1.625"/>
  <system-out/>
  <testcase classname="authentication.LoginOrderId" name="mIKO_AUTH_003_LoginOrderIdTests" time="0.912"/>
  <system-out/>
  <testcase classname="authentication.LoginOrderId" name="mIKO_AUTH_011_LoginOrderIdTests" time="0.821"/>
  <system-out/>
</testsuite> <!-- authentication.LoginOrderId -->
